<?xml version="1.0" encoding="UTF-8"?>
<testsuite name="basicSelenium.BasicSeleniumTest" tests="1" skipped="0" failures="0" errors="0" timestamp="2022-11-03T13:05:33" hostname="VERONICAs-MacBook-Pro.local" time="15.381">
  <properties/>
  <testcase name="verifyCRUDProject()" classname="basicSelenium.BasicSeleniumTest" time="15.381"/>
  <system-out><![CDATA[[[[ChromeDriver: chrome on MAC (ae0448775d8df2cddfb2f5ced858246a)] -> xpath: //td/div[text()='MI TAREITA 1']]]
]]></system-out>
  <system-err><![CDATA[SLF4J: Failed to load class "org.slf4j.impl.StaticLoggerBinder".
SLF4J: Defaulting to no-operation (NOP) logger implementation
SLF4J: See http://www.slf4j.org/codes.html#StaticLoggerBinder for further details.
Starting ChromeDriver 107.0.5304.62 (1eec40d3a5764881c92085aaee66d25075c159aa-refs/branch-heads/5304@{#942}) on port 38524
Only local connections are allowed.
Please see https://chromedriver.chromium.org/security-considerations for suggestions on keeping ChromeDriver safe.
ChromeDriver was started successfully.
Nov 03, 2022 9:05:35 AM org.openqa.selenium.devtools.CdpVersionFinder findNearestMatch
WARNING: Unable to find an exact match for CDP version 107, so returning the closest version found: 106
]]></system-err>
</testsuite>
